DataUtc: 2026-04-22T19:04:56.3313183Z
Arquivo: Template_PropostaTecnica_SobDemanda_PROJETOS_V02C01.docx (2).pdf
Erro: Violation of PRIMARY KEY constraint 'PK__Proposta__535EA5C03D9A0609'. Cannot insert duplicate key in object 'dbo.Proposta'. The duplicate key value is (55acd5f1-73ee-4cfa-b429-26ff4a78e1f1).
The statement has been terminated.
Microsoft.Data.SqlClient.SqlException (0x80131904): Violation of PRIMARY KEY constraint 'PK__Proposta__535EA5C03D9A0609'. Cannot insert duplicate key in object 'dbo.Proposta'. The duplicate key value is (55acd5f1-73ee-4cfa-b429-26ff4a78e1f1).
The statement has been terminated.
   at Microsoft.Data.SqlClient.SqlConnection.OnError(SqlException exception, Boolean breakConnection, Action`1 wrapCloseInAction)
   at Microsoft.Data.SqlClient.SqlInternalConnection.OnError(SqlException exception, Boolean breakConnection, Action`1 wrapCloseInAction)
   at Microsoft.Data.SqlClient.TdsParser.ThrowExceptionAndWarning(TdsParserStateObject stateObj, SqlCommand command, Boolean callerHasConnectionLock, Boolean asyncClose)
   at Microsoft.Data.SqlClient.TdsParser.TryRun(RunBehavior runBehavior, SqlCommand cmdHandler, SqlDataReader dataStream, BulkCopySimpleResultSet bulkCopyHandler, TdsParserStateObject stateObj, Boolean& dataReady)
   at Microsoft.Data.SqlClient.SqlCommand.FinishExecuteReader(SqlDataReader ds, RunBehavior runBehavior, String resetOptionsString, Boolean isInternal, Boolean forDescribeParameterEncryption, Boolean shouldCacheForAlwaysEncrypted)
   at Microsoft.Data.SqlClient.SqlCommand.CompleteAsyncExecuteReader(Boolean isInternal, Boolean forDescribeParameterEncryption)
   at Microsoft.Data.SqlClient.SqlCommand.InternalEndExecuteNonQuery(IAsyncResult asyncResult, Boolean isInternal, String endMethod)
   at Microsoft.Data.SqlClient.SqlCommand.EndExecuteNonQueryInternal(IAsyncResult asyncResult)
   at Microsoft.Data.SqlClient.SqlCommand.EndExecuteNonQueryAsync(IAsyncResult asyncResult)
   at Microsoft.Data.SqlClient.SqlCommand.<>c.<InternalExecuteNonQueryAsync>b__193_1(IAsyncResult asyncResult)
   at System.Threading.Tasks.TaskFactory`1.FromAsyncCoreLogic(IAsyncResult iar, Func`2 endFunction, Action`1 endAction, Task`1 promise, Boolean requiresSynchronization)
--- End of stack trace from previous location ---
   at Dapper.SqlMapper.ExecuteImplAsync(IDbConnection cnn, CommandDefinition command, Object param) in /_/Dapper/SqlMapper.Async.cs:line 662
   at Utils.Repositories.Repository.InserirPropostaAsync(PropostaEntity Proposta) in C:\dev\UtilitiesPdf\Utils\Repositories\Repository.cs:line 207
   at UtilitiesPdf.Api.Services.PdfImportService.ProcessarArquivoDoDiscoAsync(String caminhoArquivo, String nomeArquivo, String origem, TipoPt tipoPt, CancellationToken cancellationToken) in C:\dev\UtilitiesPdf\UtilitiesPdf.Api\Services\PdfImportService.cs:line 128
ClientConnectionId:31cc198a-9bec-4216-b7db-d8328424d4f6
Error Number:2627,State:1,Class:14
--------------------------------------------------------------------------------
DataUtc: 2026-04-22T19:04:56.6728684Z
Arquivo: Template_PropostaTecnica_SobDemanda_PROJETOS_V02C01.docx (3).pdf
Erro: Violation of PRIMARY KEY constraint 'PK__Proposta__535EA5C03D9A0609'. Cannot insert duplicate key in object 'dbo.Proposta'. The duplicate key value is (124fb08b-a5ff-4ed6-93c7-4adaaf3e4cdf).
The statement has been terminated.
Microsoft.Data.SqlClient.SqlException (0x80131904): Violation of PRIMARY KEY constraint 'PK__Proposta__535EA5C03D9A0609'. Cannot insert duplicate key in object 'dbo.Proposta'. The duplicate key value is (124fb08b-a5ff-4ed6-93c7-4adaaf3e4cdf).
The statement has been terminated.
   at Microsoft.Data.SqlClient.SqlConnection.OnError(SqlException exception, Boolean breakConnection, Action`1 wrapCloseInAction)
   at Microsoft.Data.SqlClient.SqlInternalConnection.OnError(SqlException exception, Boolean breakConnection, Action`1 wrapCloseInAction)
   at Microsoft.Data.SqlClient.TdsParser.ThrowExceptionAndWarning(TdsParserStateObject stateObj, SqlCommand command, Boolean callerHasConnectionLock, Boolean asyncClose)
   at Microsoft.Data.SqlClient.TdsParser.TryRun(RunBehavior runBehavior, SqlCommand cmdHandler, SqlDataReader dataStream, BulkCopySimpleResultSet bulkCopyHandler, TdsParserStateObject stateObj, Boolean& dataReady)
   at Microsoft.Data.SqlClient.SqlCommand.FinishExecuteReader(SqlDataReader ds, RunBehavior runBehavior, String resetOptionsString, Boolean isInternal, Boolean forDescribeParameterEncryption, Boolean shouldCacheForAlwaysEncrypted)
   at Microsoft.Data.SqlClient.SqlCommand.CompleteAsyncExecuteReader(Boolean isInternal, Boolean forDescribeParameterEncryption)
   at Microsoft.Data.SqlClient.SqlCommand.InternalEndExecuteNonQuery(IAsyncResult asyncResult, Boolean isInternal, String endMethod)
   at Microsoft.Data.SqlClient.SqlCommand.EndExecuteNonQueryInternal(IAsyncResult asyncResult)
   at Microsoft.Data.SqlClient.SqlCommand.EndExecuteNonQueryAsync(IAsyncResult asyncResult)
   at Microsoft.Data.SqlClient.SqlCommand.<>c.<InternalExecuteNonQueryAsync>b__193_1(IAsyncResult asyncResult)
   at System.Threading.Tasks.TaskFactory`1.FromAsyncCoreLogic(IAsyncResult iar, Func`2 endFunction, Action`1 endAction, Task`1 promise, Boolean requiresSynchronization)
--- End of stack trace from previous location ---
   at Dapper.SqlMapper.ExecuteImplAsync(IDbConnection cnn, CommandDefinition command, Object param) in /_/Dapper/SqlMapper.Async.cs:line 662
   at Utils.Repositories.Repository.InserirPropostaAsync(PropostaEntity Proposta) in C:\dev\UtilitiesPdf\Utils\Repositories\Repository.cs:line 207
   at UtilitiesPdf.Api.Services.PdfImportService.ProcessarArquivoDoDiscoAsync(String caminhoArquivo, String nomeArquivo, String origem, TipoPt tipoPt, CancellationToken cancellationToken) in C:\dev\UtilitiesPdf\UtilitiesPdf.Api\Services\PdfImportService.cs:line 128
ClientConnectionId:31cc198a-9bec-4216-b7db-d8328424d4f6
Error Number:2627,State:1,Class:14
--------------------------------------------------------------------------------
DataUtc: 2026-04-22T19:04:57.0223791Z
Arquivo: Template_PropostaTecnica_SobDemanda_PROJETOS_V02C01.docx (4).pdf
Erro: Violation of PRIMARY KEY constraint 'PK__Proposta__535EA5C03D9A0609'. Cannot insert duplicate key in object 'dbo.Proposta'. The duplicate key value is (ec6150c3-0afc-45df-99a9-7a1b7078ff89).
The statement has been terminated.
Microsoft.Data.SqlClient.SqlException (0x80131904): Violation of PRIMARY KEY constraint 'PK__Proposta__535EA5C03D9A0609'. Cannot insert duplicate key in object 'dbo.Proposta'. The duplicate key value is (ec6150c3-0afc-45df-99a9-7a1b7078ff89).
The statement has been terminated.
   at Microsoft.Data.SqlClient.SqlConnection.OnError(SqlException exception, Boolean breakConnection, Action`1 wrapCloseInAction)
   at Microsoft.Data.SqlClient.SqlInternalConnection.OnError(SqlException exception, Boolean breakConnection, Action`1 wrapCloseInAction)
   at Microsoft.Data.SqlClient.TdsParser.ThrowExceptionAndWarning(TdsParserStateObject stateObj, SqlCommand command, Boolean callerHasConnectionLock, Boolean asyncClose)
   at Microsoft.Data.SqlClient.TdsParser.TryRun(RunBehavior runBehavior, SqlCommand cmdHandler, SqlDataReader dataStream, BulkCopySimpleResultSet bulkCopyHandler, TdsParserStateObject stateObj, Boolean& dataReady)
   at Microsoft.Data.SqlClient.SqlCommand.FinishExecuteReader(SqlDataReader ds, RunBehavior runBehavior, String resetOptionsString, Boolean isInternal, Boolean forDescribeParameterEncryption, Boolean shouldCacheForAlwaysEncrypted)
   at Microsoft.Data.SqlClient.SqlCommand.CompleteAsyncExecuteReader(Boolean isInternal, Boolean forDescribeParameterEncryption)
   at Microsoft.Data.SqlClient.SqlCommand.InternalEndExecuteNonQuery(IAsyncResult asyncResult, Boolean isInternal, String endMethod)
   at Microsoft.Data.SqlClient.SqlCommand.EndExecuteNonQueryInternal(IAsyncResult asyncResult)
   at Microsoft.Data.SqlClient.SqlCommand.EndExecuteNonQueryAsync(IAsyncResult asyncResult)
   at Microsoft.Data.SqlClient.SqlCommand.<>c.<InternalExecuteNonQueryAsync>b__193_1(IAsyncResult asyncResult)
   at System.Threading.Tasks.TaskFactory`1.FromAsyncCoreLogic(IAsyncResult iar, Func`2 endFunction, Action`1 endAction, Task`1 promise, Boolean requiresSynchronization)
--- End of stack trace from previous location ---
   at Dapper.SqlMapper.ExecuteImplAsync(IDbConnection cnn, CommandDefinition command, Object param) in /_/Dapper/SqlMapper.Async.cs:line 662
   at Utils.Repositories.Repository.InserirPropostaAsync(PropostaEntity Proposta) in C:\dev\UtilitiesPdf\Utils\Repositories\Repository.cs:line 207
   at UtilitiesPdf.Api.Services.PdfImportService.ProcessarArquivoDoDiscoAsync(String caminhoArquivo, String nomeArquivo, String origem, TipoPt tipoPt, CancellationToken cancellationToken) in C:\dev\UtilitiesPdf\UtilitiesPdf.Api\Services\PdfImportService.cs:line 128
ClientConnectionId:31cc198a-9bec-4216-b7db-d8328424d4f6
Error Number:2627,State:1,Class:14
--------------------------------------------------------------------------------
DataUtc: 2026-04-22T19:04:57.4861634Z
Arquivo: Template_PropostaTecnica_SobDemanda_PROJETOS_V02C01.docx.pdf
Erro: Violation of PRIMARY KEY constraint 'PK__Proposta__535EA5C03D9A0609'. Cannot insert duplicate key in object 'dbo.Proposta'. The duplicate key value is (183bc107-3868-4256-95f2-f9052425071a).
The statement has been terminated.
Microsoft.Data.SqlClient.SqlException (0x80131904): Violation of PRIMARY KEY constraint 'PK__Proposta__535EA5C03D9A0609'. Cannot insert duplicate key in object 'dbo.Proposta'. The duplicate key value is (183bc107-3868-4256-95f2-f9052425071a).
The statement has been terminated.
   at Microsoft.Data.SqlClient.SqlConnection.OnError(SqlException exception, Boolean breakConnection, Action`1 wrapCloseInAction)
   at Microsoft.Data.SqlClient.SqlInternalConnection.OnError(SqlException exception, Boolean breakConnection, Action`1 wrapCloseInAction)
   at Microsoft.Data.SqlClient.TdsParser.ThrowExceptionAndWarning(TdsParserStateObject stateObj, SqlCommand command, Boolean callerHasConnectionLock, Boolean asyncClose)
   at Microsoft.Data.SqlClient.TdsParser.TryRun(RunBehavior runBehavior, SqlCommand cmdHandler, SqlDataReader dataStream, BulkCopySimpleResultSet bulkCopyHandler, TdsParserStateObject stateObj, Boolean& dataReady)
   at Microsoft.Data.SqlClient.SqlCommand.FinishExecuteReader(SqlDataReader ds, RunBehavior runBehavior, String resetOptionsString, Boolean isInternal, Boolean forDescribeParameterEncryption, Boolean shouldCacheForAlwaysEncrypted)
   at Microsoft.Data.SqlClient.SqlCommand.CompleteAsyncExecuteReader(Boolean isInternal, Boolean forDescribeParameterEncryption)
   at Microsoft.Data.SqlClient.SqlCommand.InternalEndExecuteNonQuery(IAsyncResult asyncResult, Boolean isInternal, String endMethod)
   at Microsoft.Data.SqlClient.SqlCommand.EndExecuteNonQueryInternal(IAsyncResult asyncResult)
   at Microsoft.Data.SqlClient.SqlCommand.EndExecuteNonQueryAsync(IAsyncResult asyncResult)
   at Microsoft.Data.SqlClient.SqlCommand.<>c.<InternalExecuteNonQueryAsync>b__193_1(IAsyncResult asyncResult)
   at System.Threading.Tasks.TaskFactory`1.FromAsyncCoreLogic(IAsyncResult iar, Func`2 endFunction, Action`1 endAction, Task`1 promise, Boolean requiresSynchronization)
--- End of stack trace from previous location ---
   at Dapper.SqlMapper.ExecuteImplAsync(IDbConnection cnn, CommandDefinition command, Object param) in /_/Dapper/SqlMapper.Async.cs:line 662
   at Utils.Repositories.Repository.InserirPropostaAsync(PropostaEntity Proposta) in C:\dev\UtilitiesPdf\Utils\Repositories\Repository.cs:line 207
   at UtilitiesPdf.Api.Services.PdfImportService.ProcessarArquivoDoDiscoAsync(String caminhoArquivo, String nomeArquivo, String origem, TipoPt tipoPt, CancellationToken cancellationToken) in C:\dev\UtilitiesPdf\UtilitiesPdf.Api\Services\PdfImportService.cs:line 128
ClientConnectionId:31cc198a-9bec-4216-b7db-d8328424d4f6
Error Number:2627,State:1,Class:14
--------------------------------------------------------------------------------
